<?xml version="1.0" encoding="UTF-8"?>
<testsuite xmlns:xsi="http://www.w3.org/2001/XMLSchema-instance" xsi:noNamespaceSchemaLocation="https://maven.apache.org/surefire/maven-surefire-plugin/xsd/surefire-test-report.xsd" name="BlackjackTest" time="0.036" tests="10" errors="0" skipped="0" failures="0">
  <properties>
[...]
</properties>
  <testcase name="testHandTotalWithAces" classname="BlackjackTest" time="0.019"/>
  <testcase name="testWhoWonWithBustedHand" classname="BlackjackTest" time="0.001"/>
  <testcase name="testGenerateDeck" classname="BlackjackTest" time="0.001"/>
  <testcase name="testWhoWonWithPlayerWin" classname="BlackjackTest" time="0.001"/>
  <testcase name="testWhoWonWithEmptyHands" classname="BlackjackTest" time="0.001"/>
  <testcase name="testWhoWonWithDealerWin" classname="BlackjackTest" time="0.001"/>
  <testcase name="testShuffleDeck" classname="BlackjackTest" time="0.002"/>
  <testcase name="testWhoWonWithPush" classname="BlackjackTest" time="0.001"/>
  <testcase name="testHandTotalWithBustedAces" classname="BlackjackTest" time="0"/>
  <testcase name="testDealHand" classname="BlackjackTest" time="0.001"/>
</testsuite>